<?xml version="1.0" encoding="UTF-8"?>
<testng-results ignored="0" total="2" passed="1" failed="1" skipped="0">
  <reporter-output>
  </reporter-output>
  <suite started-at="2023-12-25T20:47:11 IST" name="Suite" finished-at="2023-12-25T20:47:56 IST" duration-ms="44798">
    <groups>
    </groups>
    <test started-at="2023-12-25T20:47:11 IST" name="LoginTest" finished-at="2023-12-25T20:47:56 IST" duration-ms="44798">
      <class name="tests.LoginTest">
        <test-method is-config="true" signature="urlopening()[pri:0, instance:tests.LoginTest@1c80e49b]" started-at="2023-12-25T20:47:11 IST" name="urlopening" finished-at="2023-12-25T20:47:17 IST" duration-ms="5357" status="PASS">
          <reporter-output>
          </reporter-output>
        </test-method> <!-- urlopening -->
        <test-method signature="login(java.lang.String,java.lang.String,java.lang.String)[pri:0, instance:tests.LoginTest@1c80e49b]" started-at="2023-12-25T20:47:17 IST" name="login" data-provider="getData" finished-at="2023-12-25T20:47:36 IST" duration-ms="19236" status="FAIL">
          <params>
            <param index="0">
              <value>
                <![CDATA[aditya123@gmail.com]]>
              </value>
            </param>
            <param index="1">
              <value>
                <![CDATA[cricket1001]]>
              </value>
            </param>
            <param index="2">
              <value>
                <![CDATA[Successfull]]>
              </value>
            </param>
          </params>
          <exception class="java.lang.AssertionError">
            <message>
              <![CDATA[expected:<Failed> but was:<Successfull>]]>
            </message>
            <full-stacktrace>
              <![CDATA[java.lang.AssertionError: expected:<Failed> but was:<Successfull>
at org.testng.AssertJUnit.assertEquals(AssertJUnit.java:115)
at org.testng.AssertJUnit.assertEquals(AssertJUnit.java:125)
at tests.LoginTest.login(LoginTest.java:66)
at java.base/jdk.internal.reflect.NativeMethodAccessorImpl.invoke0(Native Method)
at java.base/jdk.internal.reflect.NativeMethodAccessorImpl.invoke(NativeMethodAccessorImpl.java:77)
at java.base/jdk.internal.reflect.DelegatingMethodAccessorImpl.invoke(DelegatingMethodAccessorImpl.java:43)
at java.base/java.lang.reflect.Method.invoke(Method.java:568)
at org.testng.internal.invokers.MethodInvocationHelper.invokeMethod(MethodInvocationHelper.java:139)
at org.testng.internal.invokers.TestInvoker.invokeMethod(TestInvoker.java:664)
at org.testng.internal.invokers.TestInvoker.invokeTestMethod(TestInvoker.java:227)
at org.testng.internal.invokers.MethodRunner.runInSequence(MethodRunner.java:50)
at org.testng.internal.invokers.TestInvoker$MethodInvocationAgent.invoke(TestInvoker.java:957)
at org.testng.internal.invokers.TestInvoker.invokeTestMethods(TestInvoker.java:200)
at org.testng.internal.invokers.TestMethodWorker.invokeTestMethods(TestMethodWorker.java:148)
at org.testng.internal.invokers.TestMethodWorker.run(TestMethodWorker.java:128)
at java.base/java.util.ArrayList.forEach(ArrayList.java:1511)
at org.testng.TestRunner.privateRun(TestRunner.java:848)
at org.testng.TestRunner.run(TestRunner.java:621)
at org.testng.SuiteRunner.runTest(SuiteRunner.java:443)
at org.testng.SuiteRunner$SuiteWorker.run(SuiteRunner.java:481)
at org.testng.internal.thread.ThreadUtil.lambda$execute$0(ThreadUtil.java:58)
at java.base/java.util.concurrent.FutureTask.run(FutureTask.java:264)
at java.base/java.util.concurrent.ThreadPoolExecutor.runWorker(ThreadPoolExecutor.java:1136)
at java.base/java.util.concurrent.ThreadPoolExecutor$Worker.run(ThreadPoolExecutor.java:635)
at java.base/java.lang.Thread.run(Thread.java:833)
]]>
            </full-stacktrace>
          </exception> <!-- java.lang.AssertionError -->
          <reporter-output>
          </reporter-output>
        </test-method> <!-- login -->
        <test-method is-config="true" signature="closeBrowser()[pri:0, instance:tests.LoginTest@1c80e49b]" started-at="2023-12-25T20:47:36 IST" name="closeBrowser" finished-at="2023-12-25T20:47:36 IST" duration-ms="105" status="PASS">
          <reporter-output>
          </reporter-output>
        </test-method> <!-- closeBrowser -->
        <test-method is-config="true" signature="urlopening()[pri:0, instance:tests.LoginTest@1c80e49b]" started-at="2023-12-25T20:47:36 IST" name="urlopening" finished-at="2023-12-25T20:47:40 IST" duration-ms="3373" status="PASS">
          <reporter-output>
          </reporter-output>
        </test-method> <!-- urlopening -->
        <test-method signature="login(java.lang.String,java.lang.String,java.lang.String)[pri:0, instance:tests.LoginTest@1c80e49b]" started-at="2023-12-25T20:47:40 IST" name="login" data-provider="getData" finished-at="2023-12-25T20:47:56 IST" duration-ms="16216" status="PASS">
          <params>
            <param index="0">
              <value>
                <![CDATA[aditya1234@gmail.com]]>
              </value>
            </param>
            <param index="1">
              <value>
                <![CDATA[dummy123]]>
              </value>
            </param>
            <param index="2">
              <value>
                <![CDATA[Failed]]>
              </value>
            </param>
          </params>
          <reporter-output>
          </reporter-output>
        </test-method> <!-- login -->
        <test-method is-config="true" signature="closeBrowser()[pri:0, instance:tests.LoginTest@1c80e49b]" started-at="2023-12-25T20:47:56 IST" name="closeBrowser" finished-at="2023-12-25T20:47:56 IST" duration-ms="147" status="PASS">
          <reporter-output>
          </reporter-output>
        </test-method> <!-- closeBrowser -->
      </class> <!-- tests.LoginTest -->
    </test> <!-- LoginTest -->
  </suite> <!-- Suite -->
</testng-results>
